<?xml version="1.0" encoding="UTF-8"?>
<!-- Generated by org.testng.reporters.JUnitXMLReporter -->
<testsuite ignored="0" hostname="saurabhgunt-seleniumjav-1v7eqs57dug" failures="3" tests="3" name="Test1" time="22.108" errors="0" timestamp="2025-01-15T09:53:27 UTC">
  <testcase classname="com.TC02_DragAndDropSliders" name="dragDropTest" time="1.907">
    <failure type="org.testng.internal.thread.ThreadTimeoutException" message="Method com.TC02_DragAndDropSliders.dragDropTest() didn&amp;apos;t finish within the time-out 20">
      <![CDATA[org.testng.internal.thread.ThreadTimeoutException: Method com.TC02_DragAndDropSliders.dragDropTest() didn't finish within the time-out 20
at java.base/java.util.concurrent.ThreadPoolExecutor.runWorker(ThreadPoolExecutor.java:1128)
at java.base/java.util.concurrent.ThreadPoolExecutor$Worker.run(ThreadPoolExecutor.java:628)
at java.base/java.lang.Thread.run(Thread.java:829)
... Removed 9 stack frames]]>
    </failure>
  </testcase> <!-- dragDropTest -->
  <testcase classname="com.TC01_ValidateMessage" name="basicTest" time="3.511">
    <failure type="org.testng.internal.thread.ThreadTimeoutException" message="Method com.TC01_ValidateMessage.basicTest() didn&amp;apos;t finish within the time-out 20">
      <![CDATA[org.testng.internal.thread.ThreadTimeoutException: Method com.TC01_ValidateMessage.basicTest() didn't finish within the time-out 20
at java.base/java.util.concurrent.ThreadPoolExecutor.runWorker(ThreadPoolExecutor.java:1128)
at java.base/java.util.concurrent.ThreadPoolExecutor$Worker.run(ThreadPoolExecutor.java:628)
at java.base/java.lang.Thread.run(Thread.java:829)
... Removed 9 stack frames]]>
    </failure>
  </testcase> <!-- basicTest -->
  <testcase classname="com.TC03_InputFormSubmission" name="formSubmissionTest" time="4.211">
    <failure type="org.testng.internal.thread.ThreadTimeoutException" message="Method com.TC03_InputFormSubmission.formSubmissionTest() didn&amp;apos;t finish within the time-out 20">
      <![CDATA[org.testng.internal.thread.ThreadTimeoutException: Method com.TC03_InputFormSubmission.formSubmissionTest() didn't finish within the time-out 20
at java.base/java.util.concurrent.ThreadPoolExecutor.runWorker(ThreadPoolExecutor.java:1128)
at java.base/java.util.concurrent.ThreadPoolExecutor$Worker.run(ThreadPoolExecutor.java:628)
at java.base/java.lang.Thread.run(Thread.java:829)
... Removed 9 stack frames]]>
    </failure>
  </testcase> <!-- formSubmissionTest -->
</testsuite> <!-- Test1 -->
